[backblue.gif]
[fade.gif]
[index.html]
[iwebcs.com/assets/dist/img/ico/favicon.png]
[iwebcs.com/assets/dist/img/ico/apple-touch-icon-57-precomposed.png]
[iwebcs.com/assets/dist/img/ico/apple-touch-icon-72-precomposed.png]
[iwebcs.com/assets/dist/img/ico/apple-touch-icon-114-precomposed.png]
[iwebcs.com/assets/dist/img/ico/apple-touch-icon-144-precomposed.png]
[iwebcs.com/assets/dist/img/mini-logo.png]
[iwebcs.com/assets/dist/img/logo.png]
[iwebcs.com/assets/dist/img/avatar.png]
[iwebcs.com/assets/dist/img/avatar2.png]
[iwebcs.com/assets/dist/img/avatar3.png]
[iwebcs.com/assets/dist/img/avatar4.png]
[iwebcs.com/assets/dist/img/avatar5.png]
[iwebcs.com/assets/dist/img/user2-160x160.png]
[iwebcs.com/index.html]
[iwebcs.com/assets/plugins/jquery-ui-1.12.1/images/ui-icons_444444_256x240.png]
[iwebcs.com/assets/plugins/jquery-ui-1.12.1/images/ui-icons_555555_256x240.png]
[iwebcs.com/assets/plugins/jquery-ui-1.12.1/images/ui-icons_ffffff_256x240.png]
[iwebcs.com/assets/plugins/jquery-ui-1.12.1/images/ui-icons_777620_256x240.png]
[iwebcs.com/assets/plugins/jquery-ui-1.12.1/images/ui-icons_cc0000_256x240.png]
[iwebcs.com/assets/plugins/jquery-ui-1.12.1/images/ui-icons_777777_256x240.png]
[iwebcs.com/assets/plugins/jquery-ui-1.12.1/jquery-ui.min.css]
[iwebcs.com/assets/bootstrap/fonts/glyphicons-halflings-regular.eot]
[iwebcs.com/assets/bootstrap/fonts/glyphicons-halflings-regulard41d.eot]
[iwebcs.com/assets/bootstrap/fonts/glyphicons-halflings-regular.ttf]
[iwebcs.com/assets/bootstrap/css/bootstrap.min.css]
[iwebcs.com/assets/plugins/lobipanel/lobipanel.min.css]
[iwebcs.com/assets/plugins/pace/flash.css]
[iwebcs.com/assets/font-awesome/fonts/fontawesome-webfont3e6e.eot]
[iwebcs.com/assets/font-awesome/fonts/fontawesome-webfontd41d.eot]
[iwebcs.com/assets/font-awesome/fonts/fontawesome-webfont3e6e.ttf]
[iwebcs.com/assets/font-awesome/css/font-awesome.min.css]
[iwebcs.com/assets/pe-icon-7-stroke/fonts/Pe-icon-7-strokebb1d.eot]
[iwebcs.com/assets/pe-icon-7-stroke/fonts/Pe-icon-7-stroked41d.eot]
[iwebcs.com/assets/pe-icon-7-stroke/fonts/Pe-icon-7-strokebb1d.ttf]
[iwebcs.com/assets/pe-icon-7-stroke/css/pe-icon-7-stroke.css]
[iwebcs.com/assets/themify-icons/fonts/themify9f24.eot]
[iwebcs.com/assets/themify-icons/fonts/themifyd41d.eot]
[iwebcs.com/assets/themify-icons/fonts/themify9f24.ttf]
[iwebcs.com/assets/themify-icons/themify-icons.css]
[iwebcs.com/assets/plugins/toastr/toastr.css]
[iwebcs.com/assets/plugins/emojionearea/emojionearea.min.css]
[iwebcs.com/assets/plugins/monthly/monthly.css]
[iwebcs.com/assets/dist/img/boxed-bg.jpg]
[iwebcs.com/assets/dist/img/glyphicons-halflings.png]
[iwebcs.com/assets/dist/img/profile-bg.jpg]
[iwebcs.com/assets/dist/img/profile-1024x640.jpg]
[iwebcs.com/assets/dist/css/styleBD.css]
[iwebcs.com/index-2.html]
[iwebcs.com/profile.html]
[iwebcs.com/login.html]
[iwebcs.com/buttons.html]
[iwebcs.com/tabs.html]
[iwebcs.com/notification.html]
[iwebcs.com/tree-view.html]
[iwebcs.com/progressbars.html]
[iwebcs.com/list.html]
[iwebcs.com/typography.html]
[iwebcs.com/panels.html]
[iwebcs.com/modals.html]
[iwebcs.com/icheck_toggle_pagination.html]
[iwebcs.com/labels-badges-alerts.html]
[iwebcs.com/forms_basic.html]
[iwebcs.com/forms_validation.html]
[iwebcs.com/assets/dist/img/cropper.jpg]
[iwebcs.com/forms_cropper.html]
[iwebcs.com/form_file_upload.html]
[iwebcs.com/forms_editor_ck.html]
[iwebcs.com/forms_editor_summernote.html]
[iwebcs.com/form_wizard.html]
[iwebcs.com/forms_editor_markdown.html]
[iwebcs.com/forms_editor_trumbowyg.html]
[iwebcs.com/form_editor_wysihtml5.html]
[iwebcs.com/table.html]
[iwebcs.com/dataTables.html]
[iwebcs.com/footable.html]
[iwebcs.com/maps_data.html]
[iwebcs.com/maps_jvector.html]
[iwebcs.com/maps_google.html]
[iwebcs.com/maps_snazzy.html]
[iwebcs.com/charts_flot.html]
[iwebcs.com/charts_Js.html]
[iwebcs.com/charts_morris.html]
[iwebcs.com/charts_sparkline.html]
[iwebcs.com/mailbox.html]
[iwebcs.com/assets/dist/img/Zipper-icon.jpg]
[iwebcs.com/mailDetails.html]
[iwebcs.com/compose.html]
[iwebcs.com/icons_bootstrap.html]
[iwebcs.com/icons_fontawesome.html]
[iwebcs.com/icons_flag.html]
[iwebcs.com/icons_material.html]
[iwebcs.com/icons_weather.html]
[iwebcs.com/icons_line.html]
[iwebcs.com/icons_pe.html]
[iwebcs.com/icon_socicon.html]
[iwebcs.com/widgets.html]
[iwebcs.com/calender.html]
[iwebcs.com/assets/dist/img/logo2.png]
[iwebcs.com/invoice.html]
[iwebcs.com/timeline.html]
[iwebcs.com/pricing.html]
[iwebcs.com/assets/dist/img/credit/AM_mc_vs_ms_ae_UK.png]
[iwebcs.com/slider.html]
[iwebcs.com/assets/dist/img/carousel-1.jpg]
[iwebcs.com/assets/dist/img/carousel-2.jpg]
[iwebcs.com/assets/dist/img/carousel-3.jpg]
[iwebcs.com/assets/dist/img/carousel-4.jpg]
[iwebcs.com/assets/dist/img/carousel-5.jpg]
[iwebcs.com/assets/dist/img/carousel-6.jpg]
[iwebcs.com/carousel.html]
[iwebcs.com/code_editor.html]
[iwebcs.com/register.html]
[iwebcs.com/forget_password.html]
[iwebcs.com/lockscreen.html]
[iwebcs.com/404.html]
[iwebcs.com/505.html]
[iwebcs.com/blank.html]
[iwebcs.com/gridSystem.html]
[iwebcs.com/layout_fixed.html]
[iwebcs.com/layout_boxed.html]
[iwebcs.com/layout_collapsed_sidebar.html]
[iwebcs.com/documentation/assets/img/favicon.png]
[iwebcs.com/documentation/assets/img/logo.png]
[iwebcs.com/documentation/assets/img/home-1.jpg]
[iwebcs.com/documentation/assets/img/home-rtl.jpg]
[iwebcs.com/documentation/assets/img/coimg-soon.jpg]
[code.jquery.com/jquery-1.10.2.min.js]
[iwebcs.com/documentation/index.html]
[iwebcs.com/assets/plugins/jQuery/jquery-1.12.4.min.js]
[iwebcs.com/assets/plugins/jquery-ui-1.12.1/jquery-ui.min.js]
[iwebcs.com/assets/bootstrap/js/bootstrap.min.js]
[iwebcs.com/assets/plugins/lobipanel/lobipanel.min.js]
[iwebcs.com/assets/plugins/pace/pace.min.js]
[iwebcs.com/assets/plugins/slimScroll/jquery.slimscroll.min.js]
[iwebcs.com/assets/plugins/fastclick/fastclick.min.js]
[iwebcs.com/assets/dist/js/frame.js]
[iwebcs.com/assets/plugins/toastr/toastr.min.js]
[iwebcs.com/assets/plugins/sparkline/sparkline.min.js]
[iwebcs.com/assets/plugins/datamaps/d3.min.js]
[iwebcs.com/assets/plugins/datamaps/topojson.min.js]
[iwebcs.com/assets/plugins/datamaps/datamaps.all.min.js]
[iwebcs.com/assets/plugins/counterup/waypoints.js]
[iwebcs.com/assets/plugins/counterup/jquery.counterup.min.js]
[iwebcs.com/assets/plugins/emojionearea/emojionearea.min.js]
[iwebcs.com/assets/plugins/monthly/monthly.js]
[iwebcs.com/assets/dist/js/dashboard.js]
[iwebcs.com/assets/bootstrap/fonts/glyphicons-halflings-regular.html]
[iwebcs.com/assets/bootstrap/fonts/glyphicons-halflings-regular-2.html]
[iwebcs.com/assets/bootstrap/fonts/glyphicons-halflings-regular.svg]
[iwebcs.com/assets/font-awesome/fonts/fontawesome-webfont3e6e.html]
[iwebcs.com/assets/font-awesome/fonts/fontawesome-webfont3e6e-2.html]
[iwebcs.com/assets/font-awesome/fonts/fontawesome-webfont3e6e.svg]
[iwebcs.com/assets/pe-icon-7-stroke/fonts/Pe-icon-7-strokebb1d.html]
[iwebcs.com/assets/pe-icon-7-stroke/fonts/Pe-icon-7-strokebb1d.svg]
[iwebcs.com/assets/themify-icons/fonts/themify9f24.html]
[iwebcs.com/assets/themify-icons/fonts/themify9f24.svg]
[iwebcs.com/assets/plugins/bootstrap-social/bootstrap-social.css]
[iwebcs.com/assets/plugins/NotificationStyles/fonts/linecons/lineconsba9e.eot]
[iwebcs.com/assets/plugins/NotificationStyles/fonts/linecons/lineconsd41d.eot]
[iwebcs.com/assets/plugins/NotificationStyles/fonts/linecons/lineconsba9e.ttf]
[iwebcs.com/assets/plugins/NotificationStyles/css/demo.css]
[iwebcs.com/assets/plugins/NotificationStyles/css/ns-default.css]
[iwebcs.com/assets/plugins/NotificationStyles/css/ns-style-growl.css]
[iwebcs.com/assets/plugins/NotificationStyles/css/ns-style-attached.css]
[iwebcs.com/assets/plugins/NotificationStyles/css/ns-style-bar.css]
[iwebcs.com/assets/plugins/NotificationStyles/css/ns-style-other.css]
[iwebcs.com/assets/plugins/sweetalert/sweetalert.css]
[iwebcs.com/assets/plugins/NotificationStyles/js/modernizr.custom.js]
[iwebcs.com/assets/plugins/NotificationStyles/js/classie.js]
[iwebcs.com/assets/plugins/NotificationStyles/js/notificationFx.js]
[iwebcs.com/assets/plugins/NotificationStyles/js/snap.svg-min.js]
[iwebcs.com/assets/plugins/sweetalert/sweetalert.min.js]
[iwebcs.com/assets/plugins/Nestable/jquery.nestable.js]
[iwebcs.com/assets/plugins/modals/component.css]
[iwebcs.com/assets/plugins/modals/classie.js]
[iwebcs.com/assets/plugins/modals/modalEffects.js]
[iwebcs.com/assets/plugins/icheck/skins/all.css]
[iwebcs.com/assets/plugins/bootstrap-toggle/bootstrap-toggle.min.css]
[iwebcs.com/assets/plugins/icheck/icheck.min.js]
[iwebcs.com/assets/plugins/bootstrap-toggle/bootstrap-toggle.min.js]
[iwebcs.com/assets/plugins/cropper/cropper.min.css]
[iwebcs.com/assets/plugins/cropper/main.css]
[iwebcs.com/cropped.html]
[iwebcs.com/assets/plugins/cropper/cropper.min.js]
[iwebcs.com/assets/plugins/cropper/main.js]
[iwebcs.com/assets/plugins/dropzone/dropzone.min.css]
[iwebcs.com/assets/plugins/dropzone/dropzone.min.js]
[iwebcs.com/assets/plugins/ckeditor/ckeditor.js]
[iwebcs.com/editor1.html]
[iwebcs.com/assets/plugins/summernote/font/summernote6659.eot]
[iwebcs.com/assets/plugins/summernote/font/summernoted41d.eot]
[iwebcs.com/assets/plugins/summernote/font/summernote6659.ttf]
[iwebcs.com/assets/plugins/summernote/summernote.css]
[iwebcs.com/assets/plugins/summernote/summernote.min.js]
[iwebcs.com/assets/plugins/bootstrap-wizard/jquery.backstretch.min.js]
[iwebcs.com/assets/plugins/bootstrap-wizard/form.scripts.js]
[iwebcs.com/assets/plugins/markdown/bootstrap-markdown.min.css]
[iwebcs.com/assets/plugins/markdown/bootstrap-markdown.js]
[iwebcs.com/assets/plugins/trumbowyg/css/trumbowyg.min.css]
[iwebcs.com/assets/plugins/trumbowyg/js/trumbowyg.min.js]
[iwebcs.com/assets/plugins/bootstrap-wysihtml5/bootstrap-wysihtml5.css]
[iwebcs.com/assets/plugins/bootstrap-wysihtml5/wysihtml5.js]
[iwebcs.com/assets/plugins/bootstrap-wysihtml5/bootstrap-wysihtml5.js]
[iwebcs.com/assets/plugins/datatables/dataTables.min.css]
[iwebcs.com/assets/plugins/datatables/dataTables.min.js]
[iwebcs.com/assets/plugins/footable-bootstrap/css/fonts/footable.eot]
[iwebcs.com/assets/plugins/footable-bootstrap/css/fonts/footabled41d.eot]
[iwebcs.com/assets/plugins/footable-bootstrap/css/fonts/footable.ttf]
[iwebcs.com/assets/plugins/footable-bootstrap/css/footable.core.min.css]
[iwebcs.com/assets/plugins/footable-bootstrap/js/footable.all.min.js]
[iwebcs.com/assets/plugins/jvectormap/jquery-jvectormap-2.0.3.css]
[iwebcs.com/assets/plugins/jvectormap/jquery-jvectormap-2.0.3.min.js]
[iwebcs.com/assets/plugins/jvectormap/jquery-jvectormap-world-mill-en.js]
[iwebcs.com/assets/plugins/jvectormap/jquery-jvectormap-asia-mill.js]
[iwebcs.com/assets/plugins/jvectormap/jquery-jvectormap-in-mill.js]
[iwebcs.com/assets/plugins/jvectormap/jquery-jvectormap-uk_countries-mill.js]
[iwebcs.com/assets/plugins/jvectormap/jquery-jvectormap-us-aea.js]
[iwebcs.com/assets/plugins/jvectormap/jquery-jvectormap-au-mill.js]
[iwebcs.com/assets/plugins/jvectormap/jquery-jvectormap-europe-mill.js]
[iwebcs.com/assets/plugins/flot/jquery.flot.min.js]
[iwebcs.com/assets/plugins/flot/jquery.flot.pie.min.js]
[iwebcs.com/assets/plugins/chartJs/Chart.min.js]
[iwebcs.com/assets/plugins/morris/morris.css]
[iwebcs.com/assets/plugins/morris/raphael.min.js]
[iwebcs.com/assets/plugins/morris/morris.min.js]
[iwebcs.com/assets/plugins/morris/morris-data.js]
[iwebcs.com/assets/plugins/summernote/summernote.js]
[iwebcs.com/assets/flag-icon/css/flag-icon.min.css]
[iwebcs.com/assets/weather-icons/font/weathericons-regular-webfont.eot]
[iwebcs.com/assets/weather-icons/font/weathericons-regular-webfontd41d.eot]
[iwebcs.com/assets/weather-icons/font/weathericons-regular-webfont.ttf]
[iwebcs.com/assets/weather-icons/css/weather-icons.min.css]
[iwebcs.com/assets/weather-icons/css/weather-icons-wind.min.css]
[iwebcs.com/assets/socicon/fonts/socicon.eot]
[iwebcs.com/assets/socicon/fonts/socicond41d.eot]
[iwebcs.com/assets/socicon/fonts/socicon.ttf]
[iwebcs.com/assets/socicon/social.css]
[iwebcs.com/assets/plugins/fullcalendar/fullcalendar.min.css]
[iwebcs.com/assets/plugins/fullcalendar/fullcalendar.print.min.css]
[iwebcs.com/assets/plugins/fullcalendar/lib/moment.min.js]
[iwebcs.com/assets/plugins/fullcalendar/fullcalendar.min.js]
[iwebcs.com/assets/plugins/ion/css/ion.rangeSlider.css]
[iwebcs.com/assets/plugins/ion/img/sprite-skin-flat.png]
[iwebcs.com/assets/plugins/ion/css/ion.rangeSlider.skinFlat.css]
[iwebcs.com/assets/plugins/ion/js/ion.rangeSlider.min.js]
[iwebcs.com/assets/plugins/moment/moment.js]
[iwebcs.com/assets/plugins/codemirror/codemirror.css]
[iwebcs.com/assets/plugins/codemirror/addon/fold/foldgutter.css]
[iwebcs.com/assets/plugins/codemirror/addon/dialog/dialog.css]
[iwebcs.com/assets/plugins/codemirror/theme/monokai.css]
[iwebcs.com/assets/plugins/codemirror/addon/scroll/simplescrollbars.css]
[iwebcs.com/assets/plugins/codemirror/codemirror.js]
[iwebcs.com/assets/plugins/codemirror/addon/search/searchcursor.js]
[iwebcs.com/assets/plugins/codemirror/addon/search/search.js]
[iwebcs.com/assets/plugins/codemirror/addon/dialog/dialog.js]
[iwebcs.com/assets/plugins/codemirror/addon/edit/matchbrackets.js]
[iwebcs.com/assets/plugins/codemirror/addon/edit/closebrackets.js]
[iwebcs.com/assets/plugins/codemirror/addon/comment/comment.js]
[iwebcs.com/assets/plugins/codemirror/addon/wrap/hardwrap.js]
[iwebcs.com/assets/plugins/codemirror/addon/fold/foldcode.js]
[iwebcs.com/assets/plugins/codemirror/addon/fold/brace-fold.js]
[iwebcs.com/assets/plugins/codemirror/mode/javascript/javascript.js]
[iwebcs.com/assets/plugins/codemirror/keymap/sublime.js]
[iwebcs.com/assets/plugins/codemirror/addon/scroll/simplescrollbars.js]
[iwebcs.com/documentatin/index.html]
[iwebcs.com/documentation/assets/fonts/glyphicons-halflings-regular.eot]
[iwebcs.com/documentation/assets/fonts/glyphicons-halflings-regulard41d.eot]
[iwebcs.com/documentation/assets/fonts/glyphicons-halflings-regular.ttf]
[iwebcs.com/documentation/assets/css/bootstrap.min.css]
[iwebcs.com/documentation/assets/font-awesome/fonts/fontawesome-webfont3e6e.eot]
[iwebcs.com/documentation/assets/font-awesome/fonts/fontawesome-webfontd41d.eot]
[iwebcs.com/documentation/assets/font-awesome/fonts/fontawesome-webfont3e6e.ttf]
[iwebcs.com/documentation/assets/font-awesome/css/font-awesome.min.css]
[iwebcs.com/documentation/assets/fonts/Flaticon.eot]
[iwebcs.com/documentation/assets/fonts/Flaticond41d.eot]
[iwebcs.com/documentation/assets/fonts/Flaticon.ttf]
[iwebcs.com/documentation/assets/css/flaticon.css]
[iwebcs.com/documentation/assets/css/prettify.css]
[iwebcs.com/documentation/assets/css/styles.css]
[iwebcs.com/documentation/assets/js/bootstrap.min.js]
[iwebcs.com/documentation/assets/js/prettify.js]
[iwebcs.com/documentation/assets/js/jquery.easing.min.js]
[iwebcs.com/documentation/assets/js/custom.js]
[iwebcs.com/Popover requires tooltip.html]
[iwebcs.com/bower_components/fastclick/lib/fastclick.html]
[iwebcs.com/assets/plugins/NotificationStyles/fonts/codropsicons/codropsicons.html]
[iwebcs.com/assets/plugins/NotificationStyles/fonts/codropsicons/codropsiconsd41d.html]
[iwebcs.com/assets/plugins/NotificationStyles/fonts/codropsicons/codropsicons-2.html]
[iwebcs.com/assets/plugins/NotificationStyles/fonts/codropsicons/codropsicons-3.html]
[iwebcs.com/assets/plugins/NotificationStyles/fonts/codropsicons/codropsicons-4.html]
[iwebcs.com/assets/plugins/NotificationStyles/fonts/linecons/lineconsba9e.html]
[iwebcs.com/assets/plugins/NotificationStyles/fonts/linecons/lineconsba9e.svg]
[iwebcs.com/index-3.html]
[iwebcs.com/snap.util.attr.html]
[iwebcs.com/snap.util.getattr.html]
[iwebcs.com/e.html]
[iwebcs.com/assets/plugins/icheck/skins/minimal/minimal.png]
[iwebcs.com/assets/plugins/icheck/skins/minimal/minimal@2x.png]
[iwebcs.com/assets/plugins/icheck/skins/minimal/red.png]
[iwebcs.com/assets/plugins/icheck/skins/minimal/red@2x.png]
[iwebcs.com/assets/plugins/icheck/skins/minimal/green.png]
[iwebcs.com/assets/plugins/icheck/skins/minimal/green@2x.png]
[iwebcs.com/assets/plugins/icheck/skins/minimal/blue.png]
[iwebcs.com/assets/plugins/icheck/skins/minimal/blue@2x.png]
[iwebcs.com/assets/plugins/icheck/skins/minimal/aero.png]
[iwebcs.com/assets/plugins/icheck/skins/minimal/aero@2x.png]
[iwebcs.com/assets/plugins/icheck/skins/minimal/grey.png]
[iwebcs.com/assets/plugins/icheck/skins/minimal/grey@2x.png]
[iwebcs.com/assets/plugins/icheck/skins/minimal/orange.png]
[iwebcs.com/assets/plugins/icheck/skins/minimal/orange@2x.png]
[iwebcs.com/assets/plugins/icheck/skins/minimal/yellow.png]
[iwebcs.com/assets/plugins/icheck/skins/minimal/yellow@2x.png]
[iwebcs.com/assets/plugins/icheck/skins/minimal/pink.png]
[iwebcs.com/assets/plugins/icheck/skins/minimal/pink@2x.png]
[iwebcs.com/assets/plugins/icheck/skins/minimal/purple.png]
[iwebcs.com/assets/plugins/icheck/skins/minimal/purple@2x.png]
[iwebcs.com/assets/plugins/icheck/skins/minimal/_all.css]
[iwebcs.com/assets/plugins/icheck/skins/square/square.png]
[iwebcs.com/assets/plugins/icheck/skins/square/square@2x.png]
[iwebcs.com/assets/plugins/icheck/skins/square/red.png]
[iwebcs.com/assets/plugins/icheck/skins/square/red@2x.png]
[iwebcs.com/assets/plugins/icheck/skins/square/green.png]
[iwebcs.com/assets/plugins/icheck/skins/square/green@2x.png]
[iwebcs.com/assets/plugins/icheck/skins/square/blue.png]
[iwebcs.com/assets/plugins/icheck/skins/square/blue@2x.png]
[iwebcs.com/assets/plugins/icheck/skins/square/aero.png]
[iwebcs.com/assets/plugins/icheck/skins/square/aero@2x.png]
[iwebcs.com/assets/plugins/icheck/skins/square/grey.png]
[iwebcs.com/assets/plugins/icheck/skins/square/grey@2x.png]
[iwebcs.com/assets/plugins/icheck/skins/square/orange.png]
[iwebcs.com/assets/plugins/icheck/skins/square/orange@2x.png]
[iwebcs.com/assets/plugins/icheck/skins/square/yellow.png]
[iwebcs.com/assets/plugins/icheck/skins/square/yellow@2x.png]
[iwebcs.com/assets/plugins/icheck/skins/square/pink.png]
[iwebcs.com/assets/plugins/icheck/skins/square/pink@2x.png]
[iwebcs.com/assets/plugins/icheck/skins/square/purple.png]
[iwebcs.com/assets/plugins/icheck/skins/square/purple@2x.png]
[iwebcs.com/assets/plugins/icheck/skins/square/_all.css]
[iwebcs.com/assets/plugins/icheck/skins/flat/flat.png]
[iwebcs.com/assets/plugins/icheck/skins/flat/flat@2x.png]
[iwebcs.com/assets/plugins/icheck/skins/flat/red.png]
[iwebcs.com/assets/plugins/icheck/skins/flat/red@2x.png]
[iwebcs.com/assets/plugins/icheck/skins/flat/green.png]
[iwebcs.com/assets/plugins/icheck/skins/flat/green@2x.png]
[iwebcs.com/assets/plugins/icheck/skins/flat/blue.png]
[iwebcs.com/assets/plugins/icheck/skins/flat/blue@2x.png]
[iwebcs.com/assets/plugins/icheck/skins/flat/aero.png]
[iwebcs.com/assets/plugins/icheck/skins/flat/aero@2x.png]
[iwebcs.com/assets/plugins/icheck/skins/flat/grey.png]
[iwebcs.com/assets/plugins/icheck/skins/flat/grey@2x.png]
[iwebcs.com/assets/plugins/icheck/skins/flat/orange.png]
[iwebcs.com/assets/plugins/icheck/skins/flat/orange@2x.png]
[iwebcs.com/assets/plugins/icheck/skins/flat/yellow.png]
[iwebcs.com/assets/plugins/icheck/skins/flat/yellow@2x.png]
[iwebcs.com/assets/plugins/icheck/skins/flat/pink.png]
[iwebcs.com/assets/plugins/icheck/skins/flat/pink@2x.png]
[iwebcs.com/assets/plugins/icheck/skins/flat/purple.png]
[iwebcs.com/assets/plugins/icheck/skins/flat/purple@2x.png]
[iwebcs.com/assets/plugins/icheck/skins/flat/_all.css]
[iwebcs.com/assets/plugins/icheck/skins/line/line.png]
[iwebcs.com/assets/plugins/icheck/skins/line/line@2x.png]
[iwebcs.com/assets/plugins/icheck/skins/line/_all.css]
[iwebcs.com/assets/plugins/icheck/skins/polaris/polaris.png]
[iwebcs.com/assets/plugins/icheck/skins/polaris/polaris@2x.png]
[iwebcs.com/assets/plugins/icheck/skins/polaris/polaris.css]
[iwebcs.com/assets/plugins/icheck/skins/futurico/futurico.png]
[iwebcs.com/assets/plugins/icheck/skins/futurico/futurico@2x.png]
[iwebcs.com/assets/plugins/icheck/skins/futurico/futurico.css]
[iwebcs.com/get.html]
[iwebcs.com/trident/index.html]
[iwebcs.com/applewebkit/index.html]
[iwebcs.com/adobeair/index.html]
[iwebcs.com/contents.html]
[iwebcs.com/plugins/index.html]
[iwebcs.com/styles.html]
[iwebcs.com/plugins/templates/templates/default.html]
[iwebcs.com/chrome/index.html]
[iwebcs.com/icons_hidpi.html]
[iwebcs.com/icons.html]
[iwebcs.com/assets/plugins/summernote/font/summernote6659.html]
[iwebcs.com/clipboard.html]
[iwebcs.com/image/index.html]
[iwebcs.com/Trident/index-2.html]
[iwebcs.com/AppleWebKit/index-2.html]
[iwebcs.com/Chrome/index-2.html]
[iwebcs.com/Opera/index.html]
[iwebcs.com/hpwos/index.html]
[iwebcs.com/_.html]
[iwebcs.com/zlib/deflate.html]
[iwebcs.com/zlib/inflate.html]
[iwebcs.com/[Content_Types].html]
[iwebcs.com/workbook.html]
[iwebcs.com/sheet1.html]
[iwebcs.com/buttons-2.html]
[iwebcs.com/assets/plugins/footable-bootstrap/css/fonts/footable.html]
[iwebcs.com/assets/plugins/footable-bootstrap/css/fonts/footable.svg]
[iwebcs.com/options.time.format is deprecated and replaced by options.time.parser. See http_/nnnick.github.io/Chart.js/docs-v2/index.html]
[iwebcs.com/assets/flag-icon/flags/4x3/ad.svg]
[iwebcs.com/assets/flag-icon/flags/1x1/ad.svg]
[iwebcs.com/assets/flag-icon/flags/4x3/ae.svg]
[iwebcs.com/assets/flag-icon/flags/1x1/ae.svg]
[iwebcs.com/assets/flag-icon/flags/4x3/af.svg]
[iwebcs.com/assets/flag-icon/flags/1x1/af.svg]
[iwebcs.com/assets/flag-icon/flags/4x3/ag.svg]
[iwebcs.com/assets/flag-icon/flags/1x1/ag.svg]
[iwebcs.com/assets/flag-icon/flags/4x3/ai.svg]
[iwebcs.com/assets/flag-icon/flags/1x1/ai.svg]
[iwebcs.com/assets/flag-icon/flags/4x3/al.svg]
[iwebcs.com/assets/flag-icon/flags/1x1/al.svg]
[iwebcs.com/assets/flag-icon/flags/4x3/am.svg]
[iwebcs.com/assets/flag-icon/flags/1x1/am.svg]
[iwebcs.com/assets/flag-icon/flags/4x3/ao.svg]
[iwebcs.com/assets/flag-icon/flags/1x1/ao.svg]
[iwebcs.com/assets/flag-icon/flags/4x3/aq.svg]
[iwebcs.com/assets/flag-icon/flags/1x1/aq.svg]
[iwebcs.com/assets/flag-icon/flags/4x3/ar.svg]
[iwebcs.com/assets/flag-icon/flags/1x1/ar.svg]
[iwebcs.com/assets/flag-icon/flags/4x3/as.svg]
[iwebcs.com/assets/flag-icon/flags/1x1/as.svg]
[iwebcs.com/assets/flag-icon/flags/4x3/at.svg]
[iwebcs.com/assets/flag-icon/flags/1x1/at.svg]
[iwebcs.com/assets/flag-icon/flags/4x3/au.svg]
[iwebcs.com/assets/flag-icon/flags/1x1/au.svg]
[iwebcs.com/assets/flag-icon/flags/4x3/aw.svg]
[iwebcs.com/assets/flag-icon/flags/1x1/aw.svg]
[iwebcs.com/assets/flag-icon/flags/4x3/ax.svg]
[iwebcs.com/assets/flag-icon/flags/1x1/ax.svg]
[iwebcs.com/assets/flag-icon/flags/4x3/az.svg]
[iwebcs.com/assets/flag-icon/flags/1x1/az.svg]
[iwebcs.com/assets/flag-icon/flags/4x3/ba.svg]
[iwebcs.com/assets/flag-icon/flags/1x1/ba.svg]
[iwebcs.com/assets/flag-icon/flags/4x3/bb.svg]
[iwebcs.com/assets/flag-icon/flags/1x1/bb.svg]
[iwebcs.com/assets/flag-icon/flags/4x3/bd.svg]
[iwebcs.com/assets/flag-icon/flags/1x1/bd.svg]
[iwebcs.com/assets/flag-icon/flags/4x3/be.svg]
[iwebcs.com/assets/flag-icon/flags/1x1/be.svg]
[iwebcs.com/assets/flag-icon/flags/4x3/bf.svg]
[iwebcs.com/assets/flag-icon/flags/1x1/bf.svg]
[iwebcs.com/assets/flag-icon/flags/4x3/bg.svg]
[iwebcs.com/assets/flag-icon/flags/1x1/bg.svg]
[iwebcs.com/assets/flag-icon/flags/4x3/bh.svg]
[iwebcs.com/assets/flag-icon/flags/1x1/bh.svg]
[iwebcs.com/assets/flag-icon/flags/4x3/bi.svg]
[iwebcs.com/assets/flag-icon/flags/1x1/bi.svg]
[iwebcs.com/assets/flag-icon/flags/4x3/bj.svg]
[iwebcs.com/assets/flag-icon/flags/1x1/bj.svg]
[iwebcs.com/assets/flag-icon/flags/4x3/bl.svg]
[iwebcs.com/assets/flag-icon/flags/1x1/bl.svg]
[iwebcs.com/assets/flag-icon/flags/4x3/bm.svg]
[iwebcs.com/assets/flag-icon/flags/1x1/bm.svg]
[iwebcs.com/assets/flag-icon/flags/4x3/bn.svg]
[iwebcs.com/assets/flag-icon/flags/1x1/bn.svg]
[iwebcs.com/assets/flag-icon/flags/4x3/bo.svg]
[iwebcs.com/assets/flag-icon/flags/1x1/bo.svg]
[iwebcs.com/assets/flag-icon/flags/4x3/bq.svg]
[iwebcs.com/assets/flag-icon/flags/1x1/bq.svg]
[iwebcs.com/assets/flag-icon/flags/4x3/br.svg]
[iwebcs.com/assets/flag-icon/flags/1x1/br.svg]
[iwebcs.com/assets/flag-icon/flags/4x3/bs.svg]
[iwebcs.com/assets/flag-icon/flags/1x1/bs.svg]
[iwebcs.com/assets/flag-icon/flags/4x3/bt.svg]
[iwebcs.com/assets/flag-icon/flags/1x1/bt.svg]
[iwebcs.com/assets/flag-icon/flags/4x3/bv.svg]
[iwebcs.com/assets/flag-icon/flags/1x1/bv.svg]
[iwebcs.com/assets/flag-icon/flags/4x3/bw.svg]
[iwebcs.com/assets/flag-icon/flags/1x1/bw.svg]
[iwebcs.com/assets/flag-icon/flags/4x3/by.svg]
[iwebcs.com/assets/flag-icon/flags/1x1/by.svg]
[iwebcs.com/assets/flag-icon/flags/4x3/bz.svg]
[iwebcs.com/assets/flag-icon/flags/1x1/bz.svg]
[iwebcs.com/assets/flag-icon/flags/4x3/ca.svg]
[iwebcs.com/assets/flag-icon/flags/1x1/ca.svg]
[iwebcs.com/assets/flag-icon/flags/4x3/cc.svg]
[iwebcs.com/assets/flag-icon/flags/1x1/cc.svg]
[iwebcs.com/assets/flag-icon/flags/4x3/cd.svg]
[iwebcs.com/assets/flag-icon/flags/1x1/cd.svg]
[iwebcs.com/assets/flag-icon/flags/4x3/cf.svg]
[iwebcs.com/assets/flag-icon/flags/1x1/cf.svg]
[iwebcs.com/assets/flag-icon/flags/4x3/cg.svg]
[iwebcs.com/assets/flag-icon/flags/1x1/cg.svg]
[iwebcs.com/assets/flag-icon/flags/4x3/ch.svg]
[iwebcs.com/assets/flag-icon/flags/1x1/ch.svg]
[iwebcs.com/assets/flag-icon/flags/4x3/ci.svg]
[iwebcs.com/assets/flag-icon/flags/1x1/ci.svg]
[iwebcs.com/assets/flag-icon/flags/4x3/ck.svg]
[iwebcs.com/assets/flag-icon/flags/1x1/ck.svg]
[iwebcs.com/assets/flag-icon/flags/4x3/cl.svg]
[iwebcs.com/assets/flag-icon/flags/1x1/cl.svg]
[iwebcs.com/assets/flag-icon/flags/4x3/cm.svg]
[iwebcs.com/assets/flag-icon/flags/1x1/cm.svg]
[iwebcs.com/assets/flag-icon/flags/4x3/cn.svg]
[iwebcs.com/assets/flag-icon/flags/1x1/cn.svg]
[iwebcs.com/assets/flag-icon/flags/4x3/co.svg]
[iwebcs.com/assets/flag-icon/flags/1x1/co.svg]
[iwebcs.com/assets/flag-icon/flags/4x3/cr.svg]
[iwebcs.com/assets/flag-icon/flags/1x1/cr.svg]
[iwebcs.com/assets/flag-icon/flags/4x3/cu.svg]
[iwebcs.com/assets/flag-icon/flags/1x1/cu.svg]
[iwebcs.com/assets/flag-icon/flags/4x3/cv.svg]
[iwebcs.com/assets/flag-icon/flags/1x1/cv.svg]
[iwebcs.com/assets/flag-icon/flags/4x3/cw.svg]
[iwebcs.com/assets/flag-icon/flags/1x1/cw.svg]
[iwebcs.com/assets/flag-icon/flags/4x3/cx.svg]
[iwebcs.com/assets/flag-icon/flags/1x1/cx.svg]
[iwebcs.com/assets/flag-icon/flags/4x3/cy.svg]
[iwebcs.com/assets/flag-icon/flags/1x1/cy.svg]
[iwebcs.com/assets/flag-icon/flags/4x3/cz.svg]
[iwebcs.com/assets/flag-icon/flags/1x1/cz.svg]
[iwebcs.com/assets/flag-icon/flags/4x3/de.svg]
[iwebcs.com/assets/flag-icon/flags/1x1/de.svg]
[iwebcs.com/assets/flag-icon/flags/4x3/dj.svg]
[iwebcs.com/assets/flag-icon/flags/1x1/dj.svg]
[iwebcs.com/assets/flag-icon/flags/4x3/dk.svg]
[iwebcs.com/assets/flag-icon/flags/1x1/dk.svg]
[iwebcs.com/assets/flag-icon/flags/4x3/dm.svg]
[iwebcs.com/assets/flag-icon/flags/1x1/dm.svg]
[iwebcs.com/assets/flag-icon/flags/4x3/do.svg]
[iwebcs.com/assets/flag-icon/flags/1x1/do.svg]
[iwebcs.com/assets/flag-icon/flags/4x3/dz.svg]
[iwebcs.com/assets/flag-icon/flags/1x1/dz.svg]
[iwebcs.com/assets/flag-icon/flags/4x3/ec.svg]
[iwebcs.com/assets/flag-icon/flags/1x1/ec.svg]
[iwebcs.com/assets/flag-icon/flags/4x3/ee.svg]
[iwebcs.com/assets/flag-icon/flags/1x1/ee.svg]
[iwebcs.com/assets/flag-icon/flags/4x3/eg.svg]
[iwebcs.com/assets/flag-icon/flags/1x1/eg.svg]
[iwebcs.com/assets/flag-icon/flags/4x3/eh.svg]
[iwebcs.com/assets/flag-icon/flags/1x1/eh.svg]
[iwebcs.com/assets/flag-icon/flags/4x3/er.svg]
[iwebcs.com/assets/flag-icon/flags/1x1/er.svg]
[iwebcs.com/assets/flag-icon/flags/4x3/es.svg]
[iwebcs.com/assets/flag-icon/flags/1x1/es.svg]
[iwebcs.com/assets/flag-icon/flags/4x3/et.svg]
[iwebcs.com/assets/flag-icon/flags/1x1/et.svg]
[iwebcs.com/assets/flag-icon/flags/4x3/fi.svg]
[iwebcs.com/assets/flag-icon/flags/1x1/fi.svg]
[iwebcs.com/assets/flag-icon/flags/4x3/fj.svg]
[iwebcs.com/assets/flag-icon/flags/1x1/fj.svg]
[iwebcs.com/assets/flag-icon/flags/4x3/fk.svg]
[iwebcs.com/assets/flag-icon/flags/1x1/fk.svg]
[iwebcs.com/assets/flag-icon/flags/4x3/fm.svg]
[iwebcs.com/assets/flag-icon/flags/1x1/fm.svg]
[iwebcs.com/assets/flag-icon/flags/4x3/fo.svg]
[iwebcs.com/assets/flag-icon/flags/1x1/fo.svg]
[iwebcs.com/assets/flag-icon/flags/4x3/fr.svg]
[iwebcs.com/assets/flag-icon/flags/1x1/fr.svg]
[iwebcs.com/assets/flag-icon/flags/4x3/ga.svg]
[iwebcs.com/assets/flag-icon/flags/1x1/ga.svg]
[iwebcs.com/assets/flag-icon/flags/4x3/gb.svg]
[iwebcs.com/assets/flag-icon/flags/1x1/gb.svg]
[iwebcs.com/assets/flag-icon/flags/4x3/gd.svg]
[iwebcs.com/assets/flag-icon/flags/1x1/gd.svg]
[iwebcs.com/assets/flag-icon/flags/4x3/ge.svg]
[iwebcs.com/assets/flag-icon/flags/1x1/ge.svg]
[iwebcs.com/assets/flag-icon/flags/4x3/gf.svg]
[iwebcs.com/assets/flag-icon/flags/1x1/gf.svg]
[iwebcs.com/assets/flag-icon/flags/4x3/gg.svg]
[iwebcs.com/assets/flag-icon/flags/1x1/gg.svg]
[iwebcs.com/assets/flag-icon/flags/4x3/gh.svg]
[iwebcs.com/assets/flag-icon/flags/1x1/gh.svg]
[iwebcs.com/assets/flag-icon/flags/4x3/gi.svg]
[iwebcs.com/assets/flag-icon/flags/1x1/gi.svg]
[iwebcs.com/assets/flag-icon/flags/4x3/gl.svg]
[iwebcs.com/assets/flag-icon/flags/1x1/gl.svg]
[iwebcs.com/assets/flag-icon/flags/4x3/gm.svg]
[iwebcs.com/assets/flag-icon/flags/1x1/gm.svg]
[iwebcs.com/assets/flag-icon/flags/4x3/gn.svg]
[iwebcs.com/assets/flag-icon/flags/1x1/gn.svg]
[iwebcs.com/assets/flag-icon/flags/4x3/gp.svg]
[iwebcs.com/assets/flag-icon/flags/1x1/gp.svg]
[iwebcs.com/assets/flag-icon/flags/4x3/gq.svg]
[iwebcs.com/assets/flag-icon/flags/1x1/gq.svg]
[iwebcs.com/assets/flag-icon/flags/4x3/gr.svg]
[iwebcs.com/assets/flag-icon/flags/1x1/gr.svg]
[iwebcs.com/assets/flag-icon/flags/4x3/gs.svg]
[iwebcs.com/assets/flag-icon/flags/1x1/gs.svg]
[iwebcs.com/assets/flag-icon/flags/4x3/gt.svg]
[iwebcs.com/assets/flag-icon/flags/1x1/gt.svg]
[iwebcs.com/assets/flag-icon/flags/4x3/gu.svg]
[iwebcs.com/assets/flag-icon/flags/1x1/gu.svg]
[iwebcs.com/assets/flag-icon/flags/4x3/gw.svg]
[iwebcs.com/assets/flag-icon/flags/1x1/gw.svg]
[iwebcs.com/assets/flag-icon/flags/4x3/gy.svg]
[iwebcs.com/assets/flag-icon/flags/1x1/gy.svg]
[iwebcs.com/assets/flag-icon/flags/4x3/hk.svg]
[iwebcs.com/assets/flag-icon/flags/1x1/hk.svg]
[iwebcs.com/assets/flag-icon/flags/4x3/hm.svg]
[iwebcs.com/assets/flag-icon/flags/1x1/hm.svg]
[iwebcs.com/assets/flag-icon/flags/4x3/hn.svg]
[iwebcs.com/assets/flag-icon/flags/1x1/hn.svg]
[iwebcs.com/assets/flag-icon/flags/4x3/hr.svg]
[iwebcs.com/assets/flag-icon/flags/1x1/hr.svg]
[iwebcs.com/assets/flag-icon/flags/4x3/ht.svg]
[iwebcs.com/assets/flag-icon/flags/1x1/ht.svg]
[iwebcs.com/assets/flag-icon/flags/4x3/hu.svg]
[iwebcs.com/assets/flag-icon/flags/1x1/hu.svg]
[iwebcs.com/assets/flag-icon/flags/4x3/id.svg]
[iwebcs.com/assets/flag-icon/flags/1x1/id.svg]
[iwebcs.com/assets/flag-icon/flags/4x3/ie.svg]
[iwebcs.com/assets/flag-icon/flags/1x1/ie.svg]
[iwebcs.com/assets/flag-icon/flags/4x3/il.svg]
[iwebcs.com/assets/flag-icon/flags/1x1/il.svg]
[iwebcs.com/assets/flag-icon/flags/4x3/im.svg]
[iwebcs.com/assets/flag-icon/flags/1x1/im.svg]
[iwebcs.com/assets/flag-icon/flags/4x3/in.svg]
[iwebcs.com/assets/flag-icon/flags/1x1/in.svg]
[iwebcs.com/assets/flag-icon/flags/4x3/io.svg]
[iwebcs.com/assets/flag-icon/flags/1x1/io.svg]
[iwebcs.com/assets/flag-icon/flags/4x3/iq.svg]
[iwebcs.com/assets/flag-icon/flags/1x1/iq.svg]
[iwebcs.com/assets/flag-icon/flags/4x3/ir.svg]
[iwebcs.com/assets/flag-icon/flags/1x1/ir.svg]
[iwebcs.com/assets/flag-icon/flags/4x3/is.svg]
[iwebcs.com/assets/flag-icon/flags/1x1/is.svg]
[iwebcs.com/assets/flag-icon/flags/4x3/it.svg]
[iwebcs.com/assets/flag-icon/flags/1x1/it.svg]
[iwebcs.com/assets/flag-icon/flags/4x3/je.svg]
[iwebcs.com/assets/flag-icon/flags/1x1/je.svg]
[iwebcs.com/assets/flag-icon/flags/4x3/jm.svg]
[iwebcs.com/assets/flag-icon/flags/1x1/jm.svg]
[iwebcs.com/assets/flag-icon/flags/4x3/jo.svg]
[iwebcs.com/assets/flag-icon/flags/1x1/jo.svg]
[iwebcs.com/assets/flag-icon/flags/4x3/jp.svg]
[iwebcs.com/assets/flag-icon/flags/1x1/jp.svg]
[iwebcs.com/assets/flag-icon/flags/4x3/ke.svg]
[iwebcs.com/assets/flag-icon/flags/1x1/ke.svg]
[iwebcs.com/assets/flag-icon/flags/4x3/kg.svg]
[iwebcs.com/assets/flag-icon/flags/1x1/kg.svg]
[iwebcs.com/assets/flag-icon/flags/4x3/kh.svg]
[iwebcs.com/assets/flag-icon/flags/1x1/kh.svg]
[iwebcs.com/assets/flag-icon/flags/4x3/ki.svg]
[iwebcs.com/assets/flag-icon/flags/1x1/ki.svg]
[iwebcs.com/assets/flag-icon/flags/4x3/km.svg]
[iwebcs.com/assets/flag-icon/flags/1x1/km.svg]
[iwebcs.com/assets/flag-icon/flags/4x3/kn.svg]
[iwebcs.com/assets/flag-icon/flags/1x1/kn.svg]
[iwebcs.com/assets/flag-icon/flags/4x3/kp.svg]
[iwebcs.com/assets/flag-icon/flags/1x1/kp.svg]
[iwebcs.com/assets/flag-icon/flags/4x3/kr.svg]
[iwebcs.com/assets/flag-icon/flags/1x1/kr.svg]
[iwebcs.com/assets/flag-icon/flags/4x3/kw.svg]
[iwebcs.com/assets/flag-icon/flags/1x1/kw.svg]
[iwebcs.com/assets/flag-icon/flags/4x3/ky.svg]
[iwebcs.com/assets/flag-icon/flags/1x1/ky.svg]
[iwebcs.com/assets/flag-icon/flags/4x3/kz.svg]
[iwebcs.com/assets/flag-icon/flags/1x1/kz.svg]
[iwebcs.com/assets/flag-icon/flags/4x3/la.svg]
[iwebcs.com/assets/flag-icon/flags/1x1/la.svg]
[iwebcs.com/assets/flag-icon/flags/4x3/lb.svg]
[iwebcs.com/assets/flag-icon/flags/1x1/lb.svg]
[iwebcs.com/assets/flag-icon/flags/4x3/lc.svg]
[iwebcs.com/assets/flag-icon/flags/1x1/lc.svg]
[iwebcs.com/assets/flag-icon/flags/4x3/li.svg]
[iwebcs.com/assets/flag-icon/flags/1x1/li.svg]
[iwebcs.com/assets/flag-icon/flags/4x3/lk.svg]
[iwebcs.com/assets/flag-icon/flags/1x1/lk.svg]
[iwebcs.com/assets/flag-icon/flags/4x3/lr.svg]
[iwebcs.com/assets/flag-icon/flags/1x1/lr.svg]
[iwebcs.com/assets/flag-icon/flags/4x3/ls.svg]
[iwebcs.com/assets/flag-icon/flags/1x1/ls.svg]
[iwebcs.com/assets/flag-icon/flags/4x3/lt.svg]
[iwebcs.com/assets/flag-icon/flags/1x1/lt.svg]
[iwebcs.com/assets/flag-icon/flags/4x3/lu.svg]
[iwebcs.com/assets/flag-icon/flags/1x1/lu.svg]
[iwebcs.com/assets/flag-icon/flags/4x3/lv.svg]
[iwebcs.com/assets/flag-icon/flags/1x1/lv.svg]
[iwebcs.com/assets/flag-icon/flags/4x3/ly.svg]
[iwebcs.com/assets/flag-icon/flags/1x1/ly.svg]
[iwebcs.com/assets/flag-icon/flags/4x3/ma.svg]
[iwebcs.com/assets/flag-icon/flags/1x1/ma.svg]
[iwebcs.com/assets/flag-icon/flags/4x3/mc.svg]
[iwebcs.com/assets/flag-icon/flags/1x1/mc.svg]
[iwebcs.com/assets/flag-icon/flags/4x3/md.svg]
[iwebcs.com/assets/flag-icon/flags/1x1/md.svg]
[iwebcs.com/assets/flag-icon/flags/4x3/me.svg]
[iwebcs.com/assets/flag-icon/flags/1x1/me.svg]
[iwebcs.com/assets/flag-icon/flags/4x3/mf.svg]
[iwebcs.com/assets/flag-icon/flags/1x1/mf.svg]
[iwebcs.com/assets/flag-icon/flags/4x3/mg.svg]
[iwebcs.com/assets/flag-icon/flags/1x1/mg.svg]
[iwebcs.com/assets/flag-icon/flags/4x3/mh.svg]
[iwebcs.com/assets/flag-icon/flags/1x1/mh.svg]
[iwebcs.com/assets/flag-icon/flags/4x3/mk.svg]
[iwebcs.com/assets/flag-icon/flags/1x1/mk.svg]
[iwebcs.com/assets/flag-icon/flags/4x3/ml.svg]
[iwebcs.com/assets/flag-icon/flags/1x1/ml.svg]
[iwebcs.com/assets/flag-icon/flags/4x3/mm.svg]
[iwebcs.com/assets/flag-icon/flags/1x1/mm.svg]
[iwebcs.com/assets/flag-icon/flags/4x3/mn.svg]
[iwebcs.com/assets/flag-icon/flags/1x1/mn.svg]
[iwebcs.com/assets/flag-icon/flags/4x3/mo.svg]
[iwebcs.com/assets/flag-icon/flags/1x1/mo.svg]
[iwebcs.com/assets/flag-icon/flags/4x3/mp.svg]
[iwebcs.com/assets/flag-icon/flags/1x1/mp.svg]
[iwebcs.com/assets/flag-icon/flags/4x3/mq.svg]
[iwebcs.com/assets/flag-icon/flags/1x1/mq.svg]
[iwebcs.com/assets/flag-icon/flags/4x3/mr.svg]
[iwebcs.com/assets/flag-icon/flags/1x1/mr.svg]
[iwebcs.com/assets/flag-icon/flags/4x3/ms.svg]
[iwebcs.com/assets/flag-icon/flags/1x1/ms.svg]
[iwebcs.com/assets/flag-icon/flags/4x3/mt.svg]
[iwebcs.com/assets/flag-icon/flags/1x1/mt.svg]
[iwebcs.com/assets/flag-icon/flags/4x3/mu.svg]
[iwebcs.com/assets/flag-icon/flags/1x1/mu.svg]
[iwebcs.com/assets/flag-icon/flags/4x3/mv.svg]
[iwebcs.com/assets/flag-icon/flags/1x1/mv.svg]
[iwebcs.com/assets/flag-icon/flags/4x3/mw.svg]
[iwebcs.com/assets/flag-icon/flags/1x1/mw.svg]
[iwebcs.com/assets/flag-icon/flags/4x3/mx.svg]
[iwebcs.com/assets/flag-icon/flags/1x1/mx.svg]
[iwebcs.com/assets/flag-icon/flags/4x3/my.svg]
[iwebcs.com/assets/flag-icon/flags/1x1/my.svg]
[iwebcs.com/assets/flag-icon/flags/4x3/mz.svg]
[iwebcs.com/assets/flag-icon/flags/1x1/mz.svg]
[iwebcs.com/assets/flag-icon/flags/4x3/na.svg]
[iwebcs.com/assets/flag-icon/flags/1x1/na.svg]
[iwebcs.com/assets/flag-icon/flags/4x3/nc.svg]
[iwebcs.com/assets/flag-icon/flags/1x1/nc.svg]
[iwebcs.com/assets/flag-icon/flags/4x3/ne.svg]
[iwebcs.com/assets/flag-icon/flags/1x1/ne.svg]
[iwebcs.com/assets/flag-icon/flags/4x3/nf.svg]
[iwebcs.com/assets/flag-icon/flags/1x1/nf.svg]
[iwebcs.com/assets/flag-icon/flags/4x3/ng.svg]
[iwebcs.com/assets/flag-icon/flags/1x1/ng.svg]
[iwebcs.com/assets/flag-icon/flags/4x3/ni.svg]
[iwebcs.com/assets/flag-icon/flags/1x1/ni.svg]
[iwebcs.com/assets/flag-icon/flags/4x3/nl.svg]
[iwebcs.com/assets/flag-icon/flags/1x1/nl.svg]
[iwebcs.com/assets/flag-icon/flags/4x3/no.svg]
[iwebcs.com/assets/flag-icon/flags/1x1/no.svg]
[iwebcs.com/assets/flag-icon/flags/4x3/np.svg]
[iwebcs.com/assets/flag-icon/flags/1x1/np.svg]
[iwebcs.com/assets/flag-icon/flags/4x3/nr.svg]
[iwebcs.com/assets/flag-icon/flags/1x1/nr.svg]
[iwebcs.com/assets/flag-icon/flags/4x3/nu.svg]
[iwebcs.com/assets/flag-icon/flags/1x1/nu.svg]
[iwebcs.com/assets/flag-icon/flags/4x3/nz.svg]
[iwebcs.com/assets/flag-icon/flags/1x1/nz.svg]
[iwebcs.com/assets/flag-icon/flags/4x3/om.svg]
[iwebcs.com/assets/flag-icon/flags/1x1/om.svg]
[iwebcs.com/assets/flag-icon/flags/4x3/pa.svg]
[iwebcs.com/assets/flag-icon/flags/1x1/pa.svg]
[iwebcs.com/assets/flag-icon/flags/4x3/pe.svg]
[iwebcs.com/assets/flag-icon/flags/1x1/pe.svg]
[iwebcs.com/assets/flag-icon/flags/4x3/pf.svg]
[iwebcs.com/assets/flag-icon/flags/1x1/pf.svg]
[iwebcs.com/assets/flag-icon/flags/4x3/pg.svg]
[iwebcs.com/assets/flag-icon/flags/1x1/pg.svg]
[iwebcs.com/assets/flag-icon/flags/4x3/ph.svg]
[iwebcs.com/assets/flag-icon/flags/1x1/ph.svg]
[iwebcs.com/assets/flag-icon/flags/4x3/pk.svg]
[iwebcs.com/assets/flag-icon/flags/1x1/pk.svg]
[iwebcs.com/assets/flag-icon/flags/4x3/pl.svg]
[iwebcs.com/assets/flag-icon/flags/1x1/pl.svg]
[iwebcs.com/assets/flag-icon/flags/4x3/pm.svg]
[iwebcs.com/assets/flag-icon/flags/1x1/pm.svg]
[iwebcs.com/assets/flag-icon/flags/4x3/pn.svg]
[iwebcs.com/assets/flag-icon/flags/1x1/pn.svg]
[iwebcs.com/assets/flag-icon/flags/4x3/pr.svg]
[iwebcs.com/assets/flag-icon/flags/1x1/pr.svg]
[iwebcs.com/assets/flag-icon/flags/4x3/ps.svg]
[iwebcs.com/assets/flag-icon/flags/1x1/ps.svg]
[iwebcs.com/assets/flag-icon/flags/4x3/pt.svg]
[iwebcs.com/assets/flag-icon/flags/1x1/pt.svg]
[iwebcs.com/assets/flag-icon/flags/4x3/pw.svg]
[iwebcs.com/assets/flag-icon/flags/1x1/pw.svg]
[iwebcs.com/assets/flag-icon/flags/4x3/py.svg]
[iwebcs.com/assets/flag-icon/flags/1x1/py.svg]
[iwebcs.com/assets/flag-icon/flags/4x3/qa.svg]
[iwebcs.com/assets/flag-icon/flags/1x1/qa.svg]
[iwebcs.com/assets/flag-icon/flags/4x3/re.svg]
[iwebcs.com/assets/flag-icon/flags/1x1/re.svg]
[iwebcs.com/assets/flag-icon/flags/4x3/ro.svg]
[iwebcs.com/assets/flag-icon/flags/1x1/ro.svg]
[iwebcs.com/assets/flag-icon/flags/4x3/rs.svg]
[iwebcs.com/assets/flag-icon/flags/1x1/rs.svg]
[iwebcs.com/assets/flag-icon/flags/4x3/ru.svg]
[iwebcs.com/assets/flag-icon/flags/1x1/ru.svg]
[iwebcs.com/assets/flag-icon/flags/4x3/rw.svg]
[iwebcs.com/assets/flag-icon/flags/1x1/rw.svg]
[iwebcs.com/assets/flag-icon/flags/4x3/sa.svg]
[iwebcs.com/assets/flag-icon/flags/1x1/sa.svg]
[iwebcs.com/assets/flag-icon/flags/4x3/sb.svg]
[iwebcs.com/assets/flag-icon/flags/1x1/sb.svg]
[iwebcs.com/assets/flag-icon/flags/4x3/sc.svg]
[iwebcs.com/assets/flag-icon/flags/1x1/sc.svg]
[iwebcs.com/assets/flag-icon/flags/4x3/sd.svg]
[iwebcs.com/assets/flag-icon/flags/1x1/sd.svg]
[iwebcs.com/assets/flag-icon/flags/4x3/se.svg]
[iwebcs.com/assets/flag-icon/flags/1x1/se.svg]
[iwebcs.com/assets/flag-icon/flags/4x3/sg.svg]
[iwebcs.com/assets/flag-icon/flags/1x1/sg.svg]
[iwebcs.com/assets/flag-icon/flags/4x3/sh.svg]
[iwebcs.com/assets/flag-icon/flags/1x1/sh.svg]
[iwebcs.com/assets/flag-icon/flags/4x3/si.svg]
[iwebcs.com/assets/flag-icon/flags/1x1/si.svg]
[iwebcs.com/assets/flag-icon/flags/4x3/sj.svg]
[iwebcs.com/assets/flag-icon/flags/1x1/sj.svg]
[iwebcs.com/assets/flag-icon/flags/4x3/sk.svg]
[iwebcs.com/assets/flag-icon/flags/1x1/sk.svg]
[iwebcs.com/assets/flag-icon/flags/4x3/sl.svg]
[iwebcs.com/assets/flag-icon/flags/1x1/sl.svg]
[iwebcs.com/assets/flag-icon/flags/4x3/sm.svg]
[iwebcs.com/assets/flag-icon/flags/1x1/sm.svg]
[iwebcs.com/assets/flag-icon/flags/4x3/sn.svg]
[iwebcs.com/assets/flag-icon/flags/1x1/sn.svg]
[iwebcs.com/assets/flag-icon/flags/4x3/so.svg]
[iwebcs.com/assets/flag-icon/flags/1x1/so.svg]
[iwebcs.com/assets/flag-icon/flags/4x3/sr.svg]
[iwebcs.com/assets/flag-icon/flags/1x1/sr.svg]
[iwebcs.com/assets/flag-icon/flags/4x3/ss.svg]
[iwebcs.com/assets/flag-icon/flags/1x1/ss.svg]
[iwebcs.com/assets/flag-icon/flags/4x3/st.svg]
[iwebcs.com/assets/flag-icon/flags/1x1/st.svg]
[iwebcs.com/assets/flag-icon/flags/4x3/sv.svg]
[iwebcs.com/assets/flag-icon/flags/1x1/sv.svg]
[iwebcs.com/assets/flag-icon/flags/4x3/sx.svg]
[iwebcs.com/assets/flag-icon/flags/1x1/sx.svg]
[iwebcs.com/assets/flag-icon/flags/4x3/sy.svg]
[iwebcs.com/assets/flag-icon/flags/1x1/sy.svg]
[iwebcs.com/assets/flag-icon/flags/4x3/sz.svg]
[iwebcs.com/assets/flag-icon/flags/1x1/sz.svg]
[iwebcs.com/assets/flag-icon/flags/4x3/tc.svg]
[iwebcs.com/assets/flag-icon/flags/1x1/tc.svg]
[iwebcs.com/assets/flag-icon/flags/4x3/td.svg]
[iwebcs.com/assets/flag-icon/flags/1x1/td.svg]
[iwebcs.com/assets/flag-icon/flags/4x3/tf.svg]
[iwebcs.com/assets/flag-icon/flags/1x1/tf.svg]
[iwebcs.com/assets/flag-icon/flags/4x3/tg.svg]
[iwebcs.com/assets/flag-icon/flags/1x1/tg.svg]
[iwebcs.com/assets/flag-icon/flags/4x3/th.svg]
[iwebcs.com/assets/flag-icon/flags/1x1/th.svg]
[iwebcs.com/assets/flag-icon/flags/4x3/tj.svg]
[iwebcs.com/assets/flag-icon/flags/1x1/tj.svg]
[iwebcs.com/assets/flag-icon/flags/4x3/tk.svg]
[iwebcs.com/assets/flag-icon/flags/1x1/tk.svg]
[iwebcs.com/assets/flag-icon/flags/4x3/tl.svg]
[iwebcs.com/assets/flag-icon/flags/1x1/tl.svg]
[iwebcs.com/assets/flag-icon/flags/4x3/tm.svg]
[iwebcs.com/assets/flag-icon/flags/1x1/tm.svg]
[iwebcs.com/assets/flag-icon/flags/4x3/tn.svg]
[iwebcs.com/assets/flag-icon/flags/1x1/tn.svg]
[iwebcs.com/assets/flag-icon/flags/4x3/to.svg]
[iwebcs.com/assets/flag-icon/flags/1x1/to.svg]
[iwebcs.com/assets/flag-icon/flags/4x3/tr.svg]
[iwebcs.com/assets/flag-icon/flags/1x1/tr.svg]
[iwebcs.com/assets/flag-icon/flags/4x3/tt.svg]
[iwebcs.com/assets/flag-icon/flags/1x1/tt.svg]
[iwebcs.com/assets/flag-icon/flags/4x3/tv.svg]
[iwebcs.com/assets/flag-icon/flags/1x1/tv.svg]
[iwebcs.com/assets/flag-icon/flags/4x3/tw.svg]
[iwebcs.com/assets/flag-icon/flags/1x1/tw.svg]
[iwebcs.com/assets/flag-icon/flags/4x3/tz.svg]
[iwebcs.com/assets/flag-icon/flags/1x1/tz.svg]
[iwebcs.com/assets/flag-icon/flags/4x3/ua.svg]
[iwebcs.com/assets/flag-icon/flags/1x1/ua.svg]
[iwebcs.com/assets/flag-icon/flags/4x3/ug.svg]
[iwebcs.com/assets/flag-icon/flags/1x1/ug.svg]
[iwebcs.com/assets/flag-icon/flags/4x3/um.svg]
[iwebcs.com/assets/flag-icon/flags/1x1/um.svg]
[iwebcs.com/assets/flag-icon/flags/4x3/us.svg]
[iwebcs.com/assets/flag-icon/flags/1x1/us.svg]
[iwebcs.com/assets/flag-icon/flags/4x3/uy.svg]
[iwebcs.com/assets/flag-icon/flags/1x1/uy.svg]
[iwebcs.com/assets/flag-icon/flags/4x3/uz.svg]
[iwebcs.com/assets/flag-icon/flags/1x1/uz.svg]
[iwebcs.com/assets/flag-icon/flags/4x3/va.svg]
[iwebcs.com/assets/flag-icon/flags/1x1/va.svg]
[iwebcs.com/assets/flag-icon/flags/4x3/vc.svg]
[iwebcs.com/assets/flag-icon/flags/1x1/vc.svg]
[iwebcs.com/assets/flag-icon/flags/4x3/ve.svg]
[iwebcs.com/assets/flag-icon/flags/1x1/ve.svg]
[iwebcs.com/assets/flag-icon/flags/4x3/vg.svg]
[iwebcs.com/assets/flag-icon/flags/1x1/vg.svg]
[iwebcs.com/assets/flag-icon/flags/4x3/vi.svg]
[iwebcs.com/assets/flag-icon/flags/1x1/vi.svg]
[iwebcs.com/assets/flag-icon/flags/4x3/vn.svg]
[iwebcs.com/assets/flag-icon/flags/1x1/vn.svg]
[iwebcs.com/assets/flag-icon/flags/4x3/vu.svg]
[iwebcs.com/assets/flag-icon/flags/1x1/vu.svg]
[iwebcs.com/assets/flag-icon/flags/4x3/wf.svg]
[iwebcs.com/assets/flag-icon/flags/1x1/wf.svg]
[iwebcs.com/assets/flag-icon/flags/4x3/ws.svg]
[iwebcs.com/assets/flag-icon/flags/1x1/ws.svg]
[iwebcs.com/assets/flag-icon/flags/4x3/ye.svg]
[iwebcs.com/assets/flag-icon/flags/1x1/ye.svg]
[iwebcs.com/assets/flag-icon/flags/4x3/yt.svg]
[iwebcs.com/assets/flag-icon/flags/1x1/yt.svg]
[iwebcs.com/assets/flag-icon/flags/4x3/za.svg]
[iwebcs.com/assets/flag-icon/flags/1x1/za.svg]
[iwebcs.com/assets/flag-icon/flags/4x3/zm.svg]
[iwebcs.com/assets/flag-icon/flags/1x1/zm.svg]
[iwebcs.com/assets/flag-icon/flags/4x3/zw.svg]
[iwebcs.com/assets/flag-icon/flags/1x1/zw.svg]
[iwebcs.com/assets/flag-icon/flags/4x3/eu.svg]
[iwebcs.com/assets/flag-icon/flags/1x1/eu.svg]
[iwebcs.com/assets/flag-icon/flags/4x3/gb-eng.svg]
[iwebcs.com/assets/flag-icon/flags/1x1/gb-eng.svg]
[iwebcs.com/assets/flag-icon/flags/4x3/gb-nir.svg]
[iwebcs.com/assets/flag-icon/flags/1x1/gb-nir.svg]
[iwebcs.com/assets/flag-icon/flags/4x3/gb-sct.svg]
[iwebcs.com/assets/flag-icon/flags/1x1/gb-sct.svg]
[iwebcs.com/assets/flag-icon/flags/4x3/gb-wls.svg]
[iwebcs.com/assets/flag-icon/flags/1x1/gb-wls.svg]
[iwebcs.com/assets/flag-icon/flags/4x3/un.svg]
[iwebcs.com/assets/flag-icon/flags/1x1/un.svg]
[iwebcs.com/assets/weather-icons/font/weathericons-regular-webfont.html]
[iwebcs.com/assets/weather-icons/font/weathericons-regular-webfont-2.html]
[iwebcs.com/assets/weather-icons/font/weathericons-regular-webfont.svg]
[iwebcs.com/assets/socicon/fonts/socicon.html]
[iwebcs.com/assets/socicon/fonts/socicon.svg]
[iwebcs.com/isDSTShifted is deprecated. See http_/momentjs.com/guides/index.html]
[iwebcs.com/documentation/assets/fonts/glyphicons-halflings-regular.html]
[iwebcs.com/documentation/assets/fonts/glyphicons-halflings-regular-2.html]
[iwebcs.com/documentation/assets/fonts/glyphicons-halflings-regular.svg]
[iwebcs.com/documentation/assets/font-awesome/fonts/fontawesome-webfont3e6e.html]
[iwebcs.com/documentation/assets/font-awesome/fonts/fontawesome-webfont3e6e-2.html]
[iwebcs.com/documentation/assets/font-awesome/fonts/fontawesome-webfont3e6e.svg]
[iwebcs.com/documentation/assets/fonts/Flaticon.html]
[iwebcs.com/documentation/assets/fonts/Flaticon.svg]
[iwebcs.com/documentation/Popover requires tooltip.html]
